                :-) GROMACS - gmx mdrun, 2021.4-plumed-2.8.0 (-:

                            GROMACS is written by:
     Andrey Alekseenko              Emile Apol              Rossen Apostolov     
         Paul Bauer           Herman J.C. Berendsen           Par Bjelkmar       
       Christian Blau           Viacheslav Bolnykh             Kevin Boyd        
     Aldert van Buuren           Rudi van Drunen             Anton Feenstra      
    Gilles Gouaillardet             Alan Gray               Gerrit Groenhof      
       Anca Hamuraru            Vincent Hindriksen          M. Eric Irrgang      
      Aleksei Iupinov           Christoph Junghans             Joe Jordan        
    Dimitrios Karkoulis            Peter Kasson                Jiri Kraus        
      Carsten Kutzner              Per Larsson              Justin A. Lemkul     
       Viveca Lindahl            Magnus Lundborg             Erik Marklund       
        Pascal Merz             Pieter Meulenhoff            Teemu Murtola       
        Szilard Pall               Sander Pronk              Roland Schulz       
       Michael Shirts            Alexey Shvetsov             Alfons Sijbers      
       Peter Tieleman              Jon Vincent              Teemu Virolainen     
     Christian Wennberg            Maarten Wolf              Artem Zhmurov       
                           and the project leaders:
        Mark Abraham, Berk Hess, Erik Lindahl, and David van der Spoel

Copyright (c) 1991-2000, University of Groningen, The Netherlands.
Copyright (c) 2001-2019, The GROMACS development team at
Uppsala University, Stockholm University and
the Royal Institute of Technology, Sweden.
check out http://www.gromacs.org for more information.

GROMACS is free software; you can redistribute it and/or modify it
under the terms of the GNU Lesser General Public License
as published by the Free Software Foundation; either version 2.1
of the License, or (at your option) any later version.

GROMACS:      gmx mdrun, version 2021.4-plumed-2.8.0
Executable:   /home/apps/centos7/gromacs/2021.4/gcc9.1_ompi4.1.2/bin/gmx_mpi
Data prefix:  /home/apps/centos7/gromacs/2021.4/gcc9.1_ompi4.1.2
Working dir:  /scratch/mse/phd/msz228065/mll703_july/initial_files_argon/3_prod
Process ID:   9923
Command line:
  gmx_mpi mdrun -deffnm prod -v

GROMACS version:    2021.4-plumed-2.8.0
Precision:          mixed
Memory model:       64 bit
MPI library:        MPI
OpenMP support:     enabled (GMX_OPENMP_MAX_THREADS = 64)
GPU support:        CUDA
SIMD instructions:  AVX2_256
FFT library:        fftw-3.3.10
RDTSCP usage:       enabled
TNG support:        enabled
Hwloc support:      disabled
Tracing support:    disabled
C compiler:         /home/soft/centOS/compilers/gcc/openmpi/4.1.2/bin/mpicc GNU 9.1.0
C compiler flags:   -mavx2 -mfma -Wno-missing-field-initializers -fexcess-precision=fast -funroll-all-loops -O3 -DNDEBUG
C++ compiler:       /home/soft/centOS/compilers/gcc/openmpi/4.1.2/bin/mpicxx GNU 9.1.0
C++ compiler flags: -mavx2 -mfma -Wno-missing-field-initializers -fexcess-precision=fast -funroll-all-loops -fopenmp -O3 -DNDEBUG
CUDA compiler:      /home/soft/cuda-11.0.2/bin/nvcc nvcc: NVIDIA (R) Cuda compiler driver;Copyright (c) 2005-2020 NVIDIA Corporation;Built on Thu_Jun_11_22:26:38_PDT_2020;Cuda compilation tools, release 11.0, V11.0.194;Build cuda_11.0_bu.TC445_37.28540450_0
CUDA compiler flags:-std=c++17;-gencode;arch=compute_35,code=compute_35;-gencode;arch=compute_70,code=compute_70;-gencode;arch=compute_80,code=compute_80;-use_fast_math;;-mavx2 -mfma -Wno-missing-field-initializers -fexcess-precision=fast -funroll-all-loops -fopenmp -O3 -DNDEBUG
CUDA driver:        0.0
CUDA runtime:       N/A


Running on 1 node with total 24 cores, 24 logical cores (GPU detection failed)
Hardware detected on host chas011 (the node of MPI rank 0):
  CPU info:
    Vendor: Intel
    Brand:  Intel(R) Xeon(R) CPU E5-2680 v3 @ 2.50GHz
    Family: 6   Model: 63   Stepping: 2
    Features: aes apic avx avx2 clfsh cmov cx8 cx16 f16c fma htt intel lahf mmx msr nonstop_tsc pcid pclmuldq pdcm pdpe1gb popcnt pse rdrnd rdtscp sse2 sse3 sse4.1 sse4.2 ssse3 tdt x2apic
  Hardware topology: Only logical processor count


++++ PLEASE READ AND CITE THE FOLLOWING REFERENCE ++++
M. J. Abraham, T. Murtola, R. Schulz, S. Páll, J. C. Smith, B. Hess, E.
Lindahl
GROMACS: High performance molecular simulations through multi-level
parallelism from laptops to supercomputers
SoftwareX 1 (2015) pp. 19-25
-------- -------- --- Thank You --- -------- --------


++++ PLEASE READ AND CITE THE FOLLOWING REFERENCE ++++
S. Páll, M. J. Abraham, C. Kutzner, B. Hess, E. Lindahl
Tackling Exascale Software Challenges in Molecular Dynamics Simulations with
GROMACS
In S. Markidis & E. Laure (Eds.), Solving Software Challenges for Exascale 8759 (2015) pp. 3-27
-------- -------- --- Thank You --- -------- --------


++++ PLEASE READ AND CITE THE FOLLOWING REFERENCE ++++
S. Pronk, S. Páll, R. Schulz, P. Larsson, P. Bjelkmar, R. Apostolov, M. R.
Shirts, J. C. Smith, P. M. Kasson, D. van der Spoel, B. Hess, and E. Lindahl
GROMACS 4.5: a high-throughput and highly parallel open source molecular
simulation toolkit
Bioinformatics 29 (2013) pp. 845-54
-------- -------- --- Thank You --- -------- --------


++++ PLEASE READ AND CITE THE FOLLOWING REFERENCE ++++
B. Hess and C. Kutzner and D. van der Spoel and E. Lindahl
GROMACS 4: Algorithms for highly efficient, load-balanced, and scalable
molecular simulation
J. Chem. Theory Comput. 4 (2008) pp. 435-447
-------- -------- --- Thank You --- -------- --------


++++ PLEASE READ AND CITE THE FOLLOWING REFERENCE ++++
D. van der Spoel, E. Lindahl, B. Hess, G. Groenhof, A. E. Mark and H. J. C.
Berendsen
GROMACS: Fast, Flexible and Free
J. Comp. Chem. 26 (2005) pp. 1701-1719
-------- -------- --- Thank You --- -------- --------


++++ PLEASE READ AND CITE THE FOLLOWING REFERENCE ++++
E. Lindahl and B. Hess and D. van der Spoel
GROMACS 3.0: A package for molecular simulation and trajectory analysis
J. Mol. Mod. 7 (2001) pp. 306-317
-------- -------- --- Thank You --- -------- --------


++++ PLEASE READ AND CITE THE FOLLOWING REFERENCE ++++
H. J. C. Berendsen, D. van der Spoel and R. van Drunen
GROMACS: A message-passing parallel molecular dynamics implementation
Comp. Phys. Comm. 91 (1995) pp. 43-56
-------- -------- --- Thank You --- -------- --------


The number of OpenMP threads was set by environment variable OMP_NUM_THREADS to 4

Input Parameters:
   integrator                     = md
   tinit                          = 0
   dt                             = 0.002
   nsteps                         = 50000
   init-step                      = 0
   simulation-part                = 1
   mts                            = false
   comm-mode                      = Linear
   nstcomm                        = 100
   bd-fric                        = 0
   ld-seed                        = -1074037809
   emtol                          = 10
   emstep                         = 0.01
   niter                          = 20
   fcstep                         = 0
   nstcgsteep                     = 1000
   nbfgscorr                      = 10
   rtpi                           = 0.05
   nstxout                        = 5000
   nstvout                        = 5000
   nstfout                        = 5000
   nstlog                         = 5000
   nstcalcenergy                  = 100
   nstenergy                      = 5000
   nstxout-compressed             = 2000
   compressed-x-precision         = 1000
   cutoff-scheme                  = Verlet
   nstlist                        = 10
   pbc                            = xyz
   periodic-molecules             = false
   verlet-buffer-tolerance        = 0.005
   rlist                          = 1
   coulombtype                    = PME
   coulomb-modifier               = Potential-shift
   rcoulomb-switch                = 0
   rcoulomb                       = 1
   epsilon-r                      = 1
   epsilon-rf                     = inf
   vdw-type                       = Cut-off
   vdw-modifier                   = Potential-shift
   rvdw-switch                    = 0
   rvdw                           = 1
   DispCorr                       = EnerPres
   table-extension                = 1
   fourierspacing                 = 0.12
   fourier-nx                     = 25
   fourier-ny                     = 25
   fourier-nz                     = 25
   pme-order                      = 4
   ewald-rtol                     = 1e-05
   ewald-rtol-lj                  = 0.001
   lj-pme-comb-rule               = Geometric
   ewald-geometry                 = 0
   epsilon-surface                = 0
   tcoupl                         = Nose-Hoover
   nsttcouple                     = 10
   nh-chain-length                = 1
   print-nose-hoover-chain-variables = false
   pcoupl                         = Parrinello-Rahman
   pcoupltype                     = Isotropic
   nstpcouple                     = 10
   tau-p                          = 2
   compressibility (3x3):
      compressibility[    0]={ 4.46000e-05,  0.00000e+00,  0.00000e+00}
      compressibility[    1]={ 0.00000e+00,  4.46000e-05,  0.00000e+00}
      compressibility[    2]={ 0.00000e+00,  0.00000e+00,  4.46000e-05}
   ref-p (3x3):
      ref-p[    0]={ 1.00000e+00,  0.00000e+00,  0.00000e+00}
      ref-p[    1]={ 0.00000e+00,  1.00000e+00,  0.00000e+00}
      ref-p[    2]={ 0.00000e+00,  0.00000e+00,  1.00000e+00}
   refcoord-scaling               = No
   posres-com (3):
      posres-com[0]= 0.00000e+00
      posres-com[1]= 0.00000e+00
      posres-com[2]= 0.00000e+00
   posres-comB (3):
      posres-comB[0]= 0.00000e+00
      posres-comB[1]= 0.00000e+00
      posres-comB[2]= 0.00000e+00
   QMMM                           = false
qm-opts:
   ngQM                           = 0
   constraint-algorithm           = Lincs
   continuation                   = true
   Shake-SOR                      = false
   shake-tol                      = 0.0001
   lincs-order                    = 4
   lincs-iter                     = 1
   lincs-warnangle                = 30
   nwall                          = 0
   wall-type                      = 9-3
   wall-r-linpot                  = -1
   wall-atomtype[0]               = -1
   wall-atomtype[1]               = -1
   wall-density[0]                = 0
   wall-density[1]                = 0
   wall-ewald-zfac                = 3
   pull                           = false
   awh                            = false
   rotation                       = false
   interactiveMD                  = false
   disre                          = No
   disre-weighting                = Conservative
   disre-mixed                    = false
   dr-fc                          = 1000
   dr-tau                         = 0
   nstdisreout                    = 100
   orire-fc                       = 0
   orire-tau                      = 0
   nstorireout                    = 100
   free-energy                    = no
   cos-acceleration               = 0
   deform (3x3):
      deform[    0]={ 0.00000e+00,  0.00000e+00,  0.00000e+00}
      deform[    1]={ 0.00000e+00,  0.00000e+00,  0.00000e+00}
      deform[    2]={ 0.00000e+00,  0.00000e+00,  0.00000e+00}
   simulated-tempering            = false
   swapcoords                     = no
   userint1                       = 0
   userint2                       = 0
   userint3                       = 0
   userint4                       = 0
   userreal1                      = 0
   userreal2                      = 0
   userreal3                      = 0
   userreal4                      = 0
   applied-forces:
     electric-field:
       x:
         E0                       = 0
         omega                    = 0
         t0                       = 0
         sigma                    = 0
       y:
         E0                       = 0
         omega                    = 0
         t0                       = 0
         sigma                    = 0
       z:
         E0                       = 0
         omega                    = 0
         t0                       = 0
         sigma                    = 0
     density-guided-simulation:
       active                     = false
       group                      = protein
       similarity-measure         = inner-product
       atom-spreading-weight      = unity
       force-constant             = 1e+09
       gaussian-transform-spreading-width = 0.2
       gaussian-transform-spreading-range-in-multiples-of-width = 4
       reference-density-filename = reference.mrc
       nst                        = 1
       normalize-densities        = true
       adaptive-force-scaling     = false
       adaptive-force-scaling-time-constant = 4
       shift-vector               = 
       transformation-matrix      = 
grpopts:
   nrdf:         897
   ref-t:      298.15
   tau-t:           2
annealing:          No
annealing-npoints:           0
   acc:	           0           0           0
   nfreeze:           N           N           N
   energygrp-flags[  0]: 0

Changing nstlist from 10 to 100, rlist from 1 to 1

Using 1 MPI process

Non-default thread affinity set, disabling internal thread affinity

Using 4 OpenMP threads 

System total charge: 0.000
Will do PME sum in reciprocal space for electrostatic interactions.

++++ PLEASE READ AND CITE THE FOLLOWING REFERENCE ++++
U. Essmann, L. Perera, M. L. Berkowitz, T. Darden, H. Lee and L. G. Pedersen 
A smooth particle mesh Ewald method
J. Chem. Phys. 103 (1995) pp. 8577-8592
-------- -------- --- Thank You --- -------- --------

Using a Gaussian width (1/beta) of 0.320163 nm for Ewald
Potential shift: LJ r^-12: -1.000e+00 r^-6: -1.000e+00, Ewald -1.000e-05
Initialized non-bonded Ewald tables, spacing: 9.33e-04 size: 1073

Long Range LJ corr.: <C6> 1.7269e-04


Using SIMD 4x8 nonbonded short-range kernels

Using a 4x8 pair-list setup:
  updated every 100 steps, buffer 0.000 nm, rlist 1.000 nm
At tolerance 0.005 kJ/mol/ps per atom, equivalent classical 1x1 list would be:
  updated every 100 steps, buffer 0.000 nm, rlist 1.000 nm

Using geometric Lennard-Jones combination rule
There are: 300 Atoms
Center of mass motion removal mode is Linear
We have the following groups for center of mass motion removal:
  0:  rest

Started mdrun on rank 0 Mon Nov  4 16:18:29 2024

           Step           Time
              0        0.00000

   Energies (kJ/mol)
        LJ (SR)  Disper. corr.   Coulomb (SR)   Coul. recip.      Potential
    7.68760e+01   -2.38524e+00    0.00000e+00    0.00000e+00    7.44908e+01
    Kinetic En.   Total Energy  Conserved En.    Temperature Pres. DC (bar)
    1.06437e+03    1.13886e+03    1.14048e+03    2.85427e+02   -1.48289e+00
 Pressure (bar)
    7.11003e+02

           Step           Time
           5000       10.00000

   Energies (kJ/mol)
        LJ (SR)  Disper. corr.   Coulomb (SR)   Coul. recip.      Potential
   -3.52476e-01   -3.23993e-02    0.00000e+00    0.00000e+00   -3.84876e-01
    Kinetic En.   Total Energy  Conserved En.    Temperature Pres. DC (bar)
    1.08598e+03    1.08559e+03    4.40538e+03    2.91222e+02   -8.67025e-04
 Pressure (bar)
    1.07726e+01

           Step           Time
          10000       20.00000

   Energies (kJ/mol)
        LJ (SR)  Disper. corr.   Coulomb (SR)   Coul. recip.      Potential
   -3.42733e-02    1.85899e-02    0.00000e+00    0.00000e+00   -1.56834e-02
    Kinetic En.   Total Energy  Conserved En.    Temperature Pres. DC (bar)
    1.09586e+03    1.09585e+03    1.12382e+04    2.93873e+02   -1.36410e-05
 Pressure (bar)
    1.36262e+00

           Step           Time
          15000       30.00000

   Energies (kJ/mol)
        LJ (SR)  Disper. corr.   Coulomb (SR)   Coul. recip.      Potential
   -8.16093e-03    2.37712e-02    0.00000e+00    0.00000e+00    1.56103e-02
    Kinetic En.   Total Energy  Conserved En.    Temperature Pres. DC (bar)
    1.10469e+03    1.10470e+03    1.84334e+04    2.96239e+02   -1.15894e-06
 Pressure (bar)
    4.00403e-01

           Step           Time
          20000       40.00000

   Energies (kJ/mol)
        LJ (SR)  Disper. corr.   Coulomb (SR)   Coul. recip.      Potential
   -3.21610e-03    2.49939e-02    0.00000e+00    0.00000e+00    2.17778e-02
    Kinetic En.   Total Energy  Conserved En.    Temperature Pres. DC (bar)
    1.11504e+03    1.11506e+03    2.51077e+04    2.99016e+02   -2.10727e-07
 Pressure (bar)
    1.72340e-01

           Step           Time
          25000       50.00000

   Energies (kJ/mol)
        LJ (SR)  Disper. corr.   Coulomb (SR)   Coul. recip.      Potential
   -3.50177e-04    2.54206e-02    0.00000e+00    0.00000e+00    2.50704e-02
    Kinetic En.   Total Energy  Conserved En.    Temperature Pres. DC (bar)
    1.12588e+03    1.12591e+03    3.08564e+04    3.01924e+02   -5.93135e-08
 Pressure (bar)
    9.23229e-02

           Step           Time
          30000       60.00000

   Energies (kJ/mol)
        LJ (SR)  Disper. corr.   Coulomb (SR)   Coul. recip.      Potential
   -4.49854e-04    2.56072e-02    0.00000e+00    0.00000e+00    2.51573e-02
    Kinetic En.   Total Energy  Conserved En.    Temperature Pres. DC (bar)
    1.13348e+03    1.13350e+03    3.54872e+04    3.03960e+02   -2.22907e-08
 Pressure (bar)
    5.69790e-02

           Step           Time
          35000       70.00000

   Energies (kJ/mol)
        LJ (SR)  Disper. corr.   Coulomb (SR)   Coul. recip.      Potential
    0.00000e+00    2.57015e-02    0.00000e+00    0.00000e+00    2.57015e-02
    Kinetic En.   Total Energy  Conserved En.    Temperature Pres. DC (bar)
    1.13860e+03    1.13863e+03    3.89596e+04    3.05335e+02   -1.03347e-08
 Pressure (bar)
    3.89728e-02

           Step           Time
          40000       80.00000

   Energies (kJ/mol)
        LJ (SR)  Disper. corr.   Coulomb (SR)   Coul. recip.      Potential
   -1.55978e-03    2.57541e-02    0.00000e+00    0.00000e+00    2.41943e-02
    Kinetic En.   Total Energy  Conserved En.    Temperature Pres. DC (bar)
    1.13579e+03    1.13581e+03    4.13530e+04    3.04579e+02   -5.64171e-09
 Pressure (bar)
    2.87236e-02

           Step           Time
          45000       90.00000

   Energies (kJ/mol)
        LJ (SR)  Disper. corr.   Coulomb (SR)   Coul. recip.      Potential
    0.00000e+00    2.57853e-02    0.00000e+00    0.00000e+00    2.57853e-02
    Kinetic En.   Total Energy  Conserved En.    Temperature Pres. DC (bar)
    1.12786e+03    1.12789e+03    4.28356e+04    3.02454e+02   -3.52136e-09
 Pressure (bar)
    2.25347e-02

           Step           Time
          50000      100.00000

Writing checkpoint, step 50000 at Mon Nov  4 16:18:36 2024


   Energies (kJ/mol)
        LJ (SR)  Disper. corr.   Coulomb (SR)   Coul. recip.      Potential
    0.00000e+00    2.58045e-02    0.00000e+00    0.00000e+00    2.58045e-02
    Kinetic En.   Total Energy  Conserved En.    Temperature Pres. DC (bar)
    1.11662e+03    1.11665e+03    4.36288e+04    2.99440e+02   -2.46532e-09
 Pressure (bar)
    1.86674e-02


Energy conservation over simulation part #1 of length 100 ns, time 0 to 100 ns
  Conserved energy drift: 1.42e+00 kJ/mol/ps per atom


	<======  ###############  ==>
	<====  A V E R A G E S  ====>
	<==  ###############  ======>

	Statistics over 50001 steps using 501 frames

   Energies (kJ/mol)
        LJ (SR)  Disper. corr.   Coulomb (SR)   Coul. recip.      Potential
    1.93273e+00   -5.02577e-02    0.00000e+00    0.00000e+00    1.88247e+00
    Kinetic En.   Total Energy  Conserved En.    Temperature Pres. DC (bar)
    1.11179e+03    1.11368e+03    2.70854e+04    2.98145e+02   -2.83472e-02
 Pressure (bar)
    1.90773e+01

          Box-X          Box-Y          Box-Z
    4.87064e+01    4.87064e+01    4.87064e+01

   Total Virial (kJ/mol)
   -6.08358e+00    6.05162e-02   -3.80109e-02
    6.05165e-02   -5.67547e+00   -1.17515e-01
   -3.80101e-02   -1.17515e-01   -5.90972e+00

   Pressure (bar)
    1.95134e+01    5.51779e-01    1.31914e+00
    5.51778e-01    1.94797e+01   -5.62219e-01
    1.31914e+00   -5.62220e-01    1.82387e+01


	M E G A - F L O P S   A C C O U N T I N G

 NB=Group-cutoff nonbonded kernels    NxN=N-by-N cluster Verlet kernels
 RF=Reaction-Field  VdW=Van der Waals  QSTab=quadratic-spline table
 W3=SPC/TIP3p  W4=TIP4p (single or pairs)
 V&F=Potential and force  V=Potential only  F=Force only

 Computing:                               M-Number         M-Flops  % Flops
-----------------------------------------------------------------------------
 Pair Search distance check               3.222824          29.005     0.0
 NxN LJ [F]                             186.037632        6139.242     3.2
 NxN LJ [V&F]                             1.881664          80.912     0.0
 Calc Weights                            45.000900        1620.032     0.8
 Spread Q Bspline                       960.019200        1920.038     1.0
 Gather F Bspline                       960.019200        5760.115     3.0
 3D-FFT                               21768.435360      174147.483    90.8
 Solve PME                               31.250625        2000.040     1.0
 Shift-X                                  0.150300           0.902     0.0
 Virial                                   1.725345          31.056     0.0
 Stop-CM                                  0.150300           1.503     0.0
 Calc-Ekin                                3.000600          81.016     0.0
-----------------------------------------------------------------------------
 Total                                                  191811.345   100.0
-----------------------------------------------------------------------------


     R E A L   C Y C L E   A N D   T I M E   A C C O U N T I N G

On 1 MPI rank, each using 4 OpenMP threads

 Computing:          Num   Num      Call    Wall time         Giga-Cycles
                     Ranks Threads  Count      (s)         total sum    %
-----------------------------------------------------------------------------
 Neighbor search        1    4        501       0.019          0.194   0.3
 Force                  1    4      50001       0.305          3.050   4.6
 PME mesh               1    4      50001       5.510         55.034  83.0
 NB X/F buffer ops.     1    4      99501       0.345          3.449   5.2
 Write traj.            1    4         31       0.025          0.249   0.4
 Update                 1    4      50001       0.225          2.243   3.4
 Rest                                           0.207          2.063   3.1
-----------------------------------------------------------------------------
 Total                                          6.636         66.282 100.0
-----------------------------------------------------------------------------
 Breakdown of PME mesh computation
-----------------------------------------------------------------------------
 PME spread             1    4      50001       0.841          8.398  12.7
 PME gather             1    4      50001       0.532          5.314   8.0
 PME 3D-FFT             1    4     100002       3.538         35.338  53.3
 PME solve Elec         1    4      50001       0.520          5.194   7.8
-----------------------------------------------------------------------------

               Core t (s)   Wall t (s)        (%)
       Time:       26.542        6.636      400.0
                 (ns/day)    (hour/ns)
Performance:     1302.018        0.018
Finished mdrun on rank 0 Mon Nov  4 16:18:36 2024

